0 info it worked if it ends with ok
1 verbose cli [ 'C:\\nodejs\\node.exe',
1 verbose cli   'C:\\nodejs\\node_modules\\npm\\bin\\npm-cli.js',
1 verbose cli   'run',
1 verbose cli   'push',
1 verbose cli   'праÐорфопечатки' ]
2 info using npm@3.3.12
3 info using node@v5.5.0
4 verbose run-script [ 'prepush', 'push', 'postpush' ]
5 info lifecycle googleapp@1.0.0~prepush: googleapp@1.0.0
6 silly lifecycle googleapp@1.0.0~prepush: no script for prepush, continuing
7 info lifecycle googleapp@1.0.0~push: googleapp@1.0.0
8 verbose lifecycle googleapp@1.0.0~push: unsafe-perm in lifecycle true
9 verbose lifecycle googleapp@1.0.0~push: PATH: C:\nodejs\node_modules\npm\bin\node-gyp-bin;C:\dev\googleapp\node_modules\.bin;C:\Program Files\Git\mingw64\bin;C:\Program Files\Git\usr\bin;C:\Users\User\bin;E:\_\PortableApps\ConEmu\App\ConEmu\ConEmu\Scripts;E:\_\PortableApps\ConEmu\App\ConEmu;E:\_\PortableApps\ConEmu\App\ConEmu\ConEmu;C:\Python27;C:\Python27\Scripts;C:\Program Files (x86)\Cuminas\Document Express DjVu Plug-in;C:\ProgramData\Oracle\Java\javapath;C:\WINDOWS\system32;C:\WINDOWS;C:\WINDOWS\System32\Wbem;C:\WINDOWS\System32\WindowsPowerShell\v1.0;E:\_\PATH;C:\Program Files\OpenVPN\bin;C:\ProgramData\chocolatey\bin;C:\WINDOWS\system32;C:\WINDOWS;C:\WINDOWS\System32\Wbem;C:\WINDOWS\System32\WindowsPowerShell\v1.0;C:\Program Files\Git\cmd;E:\_\PortableApps\TrueCrypt;C:\nodejs;C:\Users\User\AppData\Roaming\npm;C:\Users\User\AppData\Local\atom\bin
10 verbose lifecycle googleapp@1.0.0~push: CWD: C:\dev\googleapp
11 silly lifecycle googleapp@1.0.0~push: Args: [ '/d /s /c',
11 silly lifecycle   'git add . && git commit -a -m $1 "праÐорфопечатки"' ]
12 silly lifecycle googleapp@1.0.0~push: Returned: code: 128  signal: null
13 info lifecycle googleapp@1.0.0~push: Failed to exec push script
14 verbose stack Error: googleapp@1.0.0 push: `git add . && git commit -a -m $1 "праÐорфопечатки"`
14 verbose stack Exit status 128
14 verbose stack     at EventEmitter.<anonymous> (C:\nodejs\node_modules\npm\lib\utils\lifecycle.js:232:16)
14 verbose stack     at emitTwo (events.js:100:13)
14 verbose stack     at EventEmitter.emit (events.js:185:7)
14 verbose stack     at ChildProcess.<anonymous> (C:\nodejs\node_modules\npm\lib\utils\spawn.js:24:14)
14 verbose stack     at emitTwo (events.js:100:13)
14 verbose stack     at ChildProcess.emit (events.js:185:7)
14 verbose stack     at maybeClose (internal/child_process.js:821:16)
14 verbose stack     at Process.ChildProcess._handle.onexit (internal/child_process.js:211:5)
15 verbose pkgid googleapp@1.0.0
16 verbose cwd C:\dev\googleapp
17 error Windows_NT 10.0.10586
18 error argv "C:\\nodejs\\node.exe" "C:\\nodejs\\node_modules\\npm\\bin\\npm-cli.js" "run" "push" "праÐорфопечатки"
19 error node v5.5.0
20 error npm  v3.3.12
21 error code ELIFECYCLE
22 error googleapp@1.0.0 push: `git add . && git commit -a -m $1 "праÐорфопечатки"`
22 error Exit status 128
23 error Failed at the googleapp@1.0.0 push script 'git add . && git commit -a -m $1 "праÐорфопечатки"'.
23 error Make sure you have the latest version of node.js and npm installed.
23 error If you do, this is most likely a problem with the googleapp package,
23 error not with npm itself.
23 error Tell the author that this fails on your system:
23 error     git add . && git commit -a -m $1 "праÐорфопечатки"
23 error You can get their info via:
23 error     npm owner ls googleapp
23 error There is likely additional logging output above.
24 verbose exit [ 1, true ]
